Using pre-set license
Built from '2020.3/staging' branch; Version is '2020.3.19f1 (68f137dc9bbe) revision 6877495'; Using compiler version '192528614'; Build Type 'Release'
OS: 'Windows 10 Home; OS build 19042.1348; Version 2009; 64bit' Language: 'en' Physical Memory: 16314 MB
BatchMode: 1, IsHumanControllingUs: 0, StartBugReporterOnCrash: 0, Is64bit: 1, IsPro: 0

COMMAND LINE ARGUMENTS:
D:\Program Files\2020.3.19f1\Editor\Unity.exe
-adb2
-batchMode
-noUpm
-name
AssetImportWorker0
-projectPath
C:/Users/Sam/Desktop/TUD/projects/Evac
-logFile
Logs/AssetImportWorker0.log
-srvPort
57584
Successfully changed project path to: C:/Users/Sam/Desktop/TUD/projects/Evac
C:/Users/Sam/Desktop/TUD/projects/Evac
Using Asset Import Pipeline V2.
Refreshing native plugins compatible for Editor in 30.45 ms, found 2 plugins.
Preloading 0 native plugins for Editor in 0.00 ms.
Initialize engine version: 2020.3.19f1 (68f137dc9bbe)
[Subsystems] Discovering subsystems at path D:/Program Files/2020.3.19f1/Editor/Data/Resources/UnitySubsystems
[Subsystems] Discovering subsystems at path C:/Users/Sam/Desktop/TUD/projects/Evac/Assets
GfxDevice: creating device client; threaded=0
Direct3D:
    Version:  Direct3D 11.0 [level 11.1]
    Renderer: NVIDIA GeForce GTX 1070 (ID=0x1b81)
    Vendor:   
    VRAM:     8088 MB
    Driver:   30.0.14.9676
Initialize mono
Mono path[0] = 'D:/Program Files/2020.3.19f1/Editor/Data/Managed'
Mono path[1] = 'D:/Program Files/2020.3.19f1/Editor/Data/MonoBleedingEdge/lib/mono/unityjit'
Mono config path = 'D:/Program Files/2020.3.19f1/Editor/Data/MonoBleedingEdge/etc'
Using monoOptions --debugger-agent=transport=dt_socket,embedding=1,server=y,suspend=n,address=127.0.0.1:56796
Begin MonoManager ReloadAssembly
Registering precompiled unity dll's ...
Register platform support module: D:/Program Files/2020.3.19f1/Editor/Data/PlaybackEngines/WindowsStandaloneSupport/UnityEditor.WindowsStandalone.Extensions.dll
Registered in 0.001010 seconds.
Native extension for WindowsStandalone target not found
Refreshing native plugins compatible for Editor in 28.50 ms, found 2 plugins.
Preloading 0 native plugins for Editor in 0.00 ms.
Mono: successfully reloaded assembly
- Completed reload, in  1.187 seconds
Domain Reload Profiling:
	ReloadAssembly (1187ms)
		BeginReloadAssembly (58ms)
			ExecutionOrderSort (0ms)
			DisableScriptedObjects (0ms)
			BackupInstance (0ms)
			ReleaseScriptingObjects (0ms)
			CreateAndSetChildDomain (1ms)
		EndReloadAssembly (541ms)
			LoadAssemblies (57ms)
			RebuildTransferFunctionScriptingTraits (0ms)
			SetupTypeCache (135ms)
			ReleaseScriptCaches (0ms)
			RebuildScriptCaches (28ms)
			SetupLoadedEditorAssemblies (139ms)
				LogAssemblyErrors (0ms)
				InitializePlatformSupportModulesInManaged (3ms)
				SetLoadedEditorAssemblies (0ms)
				RefreshPlugins (29ms)
				BeforeProcessingInitializeOnLoad (8ms)
				ProcessInitializeOnLoadAttributes (73ms)
				ProcessInitializeOnLoadMethodAttributes (26ms)
				AfterProcessingInitializeOnLoad (0ms)
				EditorAssembliesLoaded (0ms)
			ExecutionOrderSort2 (0ms)
			AwakeInstancesAfterBackupRestoration (0ms)
Platform modules already initialized, skipping
Registering precompiled user dll's ...
Registered in 0.003638 seconds.
Begin MonoManager ReloadAssembly
Native extension for WindowsStandalone target not found
Refreshing native plugins compatible for Editor in 0.34 ms, found 2 plugins.
Preloading 0 native plugins for Editor in 0.00 ms.
Mono: successfully reloaded assembly
- Completed reload, in  0.874 seconds
Domain Reload Profiling:
	ReloadAssembly (875ms)
		BeginReloadAssembly (143ms)
			ExecutionOrderSort (0ms)
			DisableScriptedObjects (4ms)
			BackupInstance (0ms)
			ReleaseScriptingObjects (0ms)
			CreateAndSetChildDomain (18ms)
		EndReloadAssembly (676ms)
			LoadAssemblies (85ms)
			RebuildTransferFunctionScriptingTraits (0ms)
			SetupTypeCache (236ms)
			ReleaseScriptCaches (0ms)
			RebuildScriptCaches (37ms)
			SetupLoadedEditorAssemblies (247ms)
				LogAssemblyErrors (0ms)
				InitializePlatformSupportModulesInManaged (4ms)
				SetLoadedEditorAssemblies (0ms)
				RefreshPlugins (0ms)
				BeforeProcessingInitializeOnLoad (44ms)
				ProcessInitializeOnLoadAttributes (193ms)
				ProcessInitializeOnLoadMethodAttributes (4ms)
				AfterProcessingInitializeOnLoad (2ms)
				EditorAssembliesLoaded (0ms)
			ExecutionOrderSort2 (0ms)
			AwakeInstancesAfterBackupRestoration (6ms)
Platform modules already initialized, skipping
========================================================================
Worker process is ready to serve import requests
Launched and connected shader compiler UnityShaderCompiler.exe after 0.05 seconds
Refreshing native plugins compatible for Editor in 0.33 ms, found 2 plugins.
Preloading 0 native plugins for Editor in 0.00 ms.
Unloading 1398 Unused Serialized files (Serialized files now loaded: 0)
System memory in use before: 65.0 MB.
System memory in use after: 65.0 MB.

Unloading 16 unused Assets to reduce memory usage. Loaded Objects now: 1833.
Total: 2.763100 ms (FindLiveObjects: 0.151100 ms CreateObjectMapping: 0.037800 ms MarkObjects: 2.514600 ms  DeleteObjects: 0.058600 ms)

AssetImportParameters requested are different than current active one (requested -> active):
  custom:framework-win-MediaFoundation: 216162199b28c13a410421893ffa2e32 -> 
  custom:video-decoder-ogg-theora: a1e56fd34408186e4bbccfd4996cb3dc -> 
  custom:container-muxer-webm: aa71ff27fc2769a1b78a27578f13a17b -> 
  custom:container-demuxer-webm: 4f35f7cbe854078d1ac9338744f61a02 -> 
  custom:container-demuxer-ogg: 62fdf1f143b41e24485cea50d1cbac27 -> 
  custom:video-encoder-webm-vp8: eb34c28f22e8b96e1ab97ce403110664 -> 
  custom:video-decoder-webm-vp8: 9c59270c3fd7afecdb556c50c9e8de78 -> 
  custom:audio-decoder-ogg-vorbis: bf7c407c2cedff20999df2af8eb42d56 -> 
  custom:audio-encoder-webm-vorbis: bf7c407c2cedff20999df2af8eb42d56 -> 
========================================================================
Received Import Request.
  path: Assets/Character.cs
  artifactKey: Guid(541ea989013f5c143a8bc8141c60e5e5) Importer(815301076,1909f56bfc062723c751e8b465ee728b)
Start importing Assets/Character.cs using Guid(541ea989013f5c143a8bc8141c60e5e5) Importer(815301076,1909f56bfc062723c751e8b465ee728b)  -> (artifact id: '827e5766a9cf0110324e259ce77d5420') in 0.243857 seconds 
  Import took 0.245825 seconds .

========================================================================
Received Import Request.
  Time since last request: 480.904464 seconds.
  path: Assets/Player.cs
  artifactKey: Guid(e036c2a04594f3748a925ba0a4c5b971) Importer(815301076,1909f56bfc062723c751e8b465ee728b)
Start importing Assets/Player.cs using Guid(e036c2a04594f3748a925ba0a4c5b971) Importer(815301076,1909f56bfc062723c751e8b465ee728b)  -> (artifact id: 'd44c282a9c561b5eb5f404a3b1523a32') in 0.008355 seconds 
  Import took 0.011032 seconds .

========================================================================
Received Import Request.
  Time since last request: 5.936620 seconds.
  path: Assets/Move.cs
  artifactKey: Guid(e036c2a04594f3748a925ba0a4c5b971) Importer(815301076,1909f56bfc062723c751e8b465ee728b)
Start importing Assets/Move.cs using Guid(e036c2a04594f3748a925ba0a4c5b971) Importer(815301076,1909f56bfc062723c751e8b465ee728b)  -> (artifact id: '23131ec828a0c1a0c55d6712b134596c') in 0.007059 seconds 
  Import took 0.009338 seconds .

========================================================================
Received Import Request.
  Time since last request: 63.815059 seconds.
  path: Assets/Player.cs
  artifactKey: Guid(e618b8b3661a7d34a88a2249c3421706) Importer(815301076,1909f56bfc062723c751e8b465ee728b)
Start importing Assets/Player.cs using Guid(e618b8b3661a7d34a88a2249c3421706) Importer(815301076,1909f56bfc062723c751e8b465ee728b)  -> (artifact id: 'ab6540ff322e4de6aed4403791b5ec53') in 0.003197 seconds 
  Import took 0.005364 seconds .

========================================================================
Received Prepare
Registering precompiled user dll's ...
Registered in 0.002413 seconds.
Begin MonoManager ReloadAssembly
Native extension for WindowsStandalone target not found
Refreshing native plugins compatible for Editor in 0.35 ms, found 2 plugins.
Preloading 0 native plugins for Editor in 0.00 ms.
Mono: successfully reloaded assembly
- Completed reload, in  0.824 seconds
Domain Reload Profiling:
	ReloadAssembly (825ms)
		BeginReloadAssembly (109ms)
			ExecutionOrderSort (0ms)
			DisableScriptedObjects (4ms)
			BackupInstance (0ms)
			ReleaseScriptingObjects (0ms)
			CreateAndSetChildDomain (29ms)
		EndReloadAssembly (662ms)
			LoadAssemblies (84ms)
			RebuildTransferFunctionScriptingTraits (0ms)
			SetupTypeCache (239ms)
			ReleaseScriptCaches (1ms)
			RebuildScriptCaches (33ms)
			SetupLoadedEditorAssemblies (234ms)
				LogAssemblyErrors (0ms)
				InitializePlatformSupportModulesInManaged (4ms)
				SetLoadedEditorAssemblies (0ms)
				RefreshPlugins (0ms)
				BeforeProcessingInitializeOnLoad (39ms)
				ProcessInitializeOnLoadAttributes (184ms)
				ProcessInitializeOnLoadMethodAttributes (4ms)
				AfterProcessingInitializeOnLoad (2ms)
				EditorAssembliesLoaded (0ms)
			ExecutionOrderSort2 (0ms)
			AwakeInstancesAfterBackupRestoration (6ms)
Platform modules already initialized, skipping
Refreshing native plugins compatible for Editor in 0.42 ms, found 2 plugins.
Preloading 0 native plugins for Editor in 0.00 ms.
Unloading 1392 Unused Serialized files (Serialized files now loaded: 0)
System memory in use before: 64.8 MB.
System memory in use after: 64.9 MB.

Unloading 12 unused Assets to reduce memory usage. Loaded Objects now: 1835.
Total: 2.761100 ms (FindLiveObjects: 0.159900 ms CreateObjectMapping: 0.035200 ms MarkObjects: 2.541900 ms  DeleteObjects: 0.023300 ms)

AssetImportParameters requested are different than current active one (requested -> active):
  custom:framework-win-MediaFoundation: 216162199b28c13a410421893ffa2e32 -> 
  custom:video-decoder-ogg-theora: a1e56fd34408186e4bbccfd4996cb3dc -> 
  custom:container-muxer-webm: aa71ff27fc2769a1b78a27578f13a17b -> 
  custom:container-demuxer-webm: 4f35f7cbe854078d1ac9338744f61a02 -> 
  custom:container-demuxer-ogg: 62fdf1f143b41e24485cea50d1cbac27 -> 
  custom:video-encoder-webm-vp8: eb34c28f22e8b96e1ab97ce403110664 -> 
  custom:video-decoder-webm-vp8: 9c59270c3fd7afecdb556c50c9e8de78 -> 
  custom:audio-decoder-ogg-vorbis: bf7c407c2cedff20999df2af8eb42d56 -> 
  custom:audio-encoder-webm-vorbis: bf7c407c2cedff20999df2af8eb42d56 -> 
========================================================================
Received Import Request.
  Time since last request: 2156.666116 seconds.
  path: Assets/New Lighting Settings.lighting
  artifactKey: Guid(79c9985867463d74c9c8d00918c1f3d2) Importer(815301076,1909f56bfc062723c751e8b465ee728b)
Start importing Assets/New Lighting Settings.lighting using Guid(79c9985867463d74c9c8d00918c1f3d2) Importer(815301076,1909f56bfc062723c751e8b465ee728b)  -> (artifact id: '7d68f93a3da52bc5cafdfac084028730') in 0.021579 seconds 
  Import took 0.024144 seconds .

========================================================================
Received Prepare
Registering precompiled user dll's ...
Registered in 0.002572 seconds.
Begin MonoManager ReloadAssembly
Native extension for WindowsStandalone target not found
Refreshing native plugins compatible for Editor in 0.33 ms, found 2 plugins.
Preloading 0 native plugins for Editor in 0.00 ms.
Mono: successfully reloaded assembly
- Completed reload, in  0.828 seconds
Domain Reload Profiling:
	ReloadAssembly (829ms)
		BeginReloadAssembly (112ms)
			ExecutionOrderSort (0ms)
			DisableScriptedObjects (4ms)
			BackupInstance (0ms)
			ReleaseScriptingObjects (0ms)
			CreateAndSetChildDomain (29ms)
		EndReloadAssembly (663ms)
			LoadAssemblies (85ms)
			RebuildTransferFunctionScriptingTraits (0ms)
			SetupTypeCache (234ms)
			ReleaseScriptCaches (1ms)
			RebuildScriptCaches (36ms)
			SetupLoadedEditorAssemblies (232ms)
				LogAssemblyErrors (0ms)
				InitializePlatformSupportModulesInManaged (4ms)
				SetLoadedEditorAssemblies (0ms)
				RefreshPlugins (0ms)
				BeforeProcessingInitializeOnLoad (39ms)
				ProcessInitializeOnLoadAttributes (183ms)
				ProcessInitializeOnLoadMethodAttributes (3ms)
				AfterProcessingInitializeOnLoad (2ms)
				EditorAssembliesLoaded (0ms)
			ExecutionOrderSort2 (0ms)
			AwakeInstancesAfterBackupRestoration (6ms)
Platform modules already initialized, skipping
Refreshing native plugins compatible for Editor in 0.37 ms, found 2 plugins.
Preloading 0 native plugins for Editor in 0.00 ms.
Unloading 1392 Unused Serialized files (Serialized files now loaded: 0)
System memory in use before: 64.8 MB.
System memory in use after: 64.9 MB.

Unloading 11 unused Assets to reduce memory usage. Loaded Objects now: 1837.
Total: 3.141000 ms (FindLiveObjects: 0.185800 ms CreateObjectMapping: 0.037100 ms MarkObjects: 2.895400 ms  DeleteObjects: 0.021100 ms)

AssetImportParameters requested are different than current active one (requested -> active):
  custom:framework-win-MediaFoundation: 216162199b28c13a410421893ffa2e32 -> 
  custom:video-decoder-ogg-theora: a1e56fd34408186e4bbccfd4996cb3dc -> 
  custom:container-muxer-webm: aa71ff27fc2769a1b78a27578f13a17b -> 
  custom:container-demuxer-webm: 4f35f7cbe854078d1ac9338744f61a02 -> 
  custom:container-demuxer-ogg: 62fdf1f143b41e24485cea50d1cbac27 -> 
  custom:video-encoder-webm-vp8: eb34c28f22e8b96e1ab97ce403110664 -> 
  custom:video-decoder-webm-vp8: 9c59270c3fd7afecdb556c50c9e8de78 -> 
  custom:audio-decoder-ogg-vorbis: bf7c407c2cedff20999df2af8eb42d56 -> 
  custom:audio-encoder-webm-vorbis: bf7c407c2cedff20999df2af8eb42d56 -> 
========================================================================
Received Import Request.
  Time since last request: 221.690658 seconds.
  path: Assets/BitGem
  artifactKey: Guid(2dc9113f7eb7a7947a87a4000a148736) Importer(815301076,1909f56bfc062723c751e8b465ee728b)
Start importing Assets/BitGem using Guid(2dc9113f7eb7a7947a87a4000a148736) Importer(815301076,1909f56bfc062723c751e8b465ee728b)  -> (artifact id: '80bde132544283ccace01065b9c4f4f7') in 0.010082 seconds 
  Import took 0.012403 seconds .

========================================================================
Received Import Request.
  Time since last request: 2.868504 seconds.
  path: Assets/BitGem/NPC_Character/Materials
  artifactKey: Guid(31e9be4a843864c9e956635d87b51496) Importer(815301076,1909f56bfc062723c751e8b465ee728b)
Start importing Assets/BitGem/NPC_Character/Materials using Guid(31e9be4a843864c9e956635d87b51496) Importer(815301076,1909f56bfc062723c751e8b465ee728b)  -> (artifact id: 'd9d8cb4ec981d9f434cc8443d608bd6b') in 0.007221 seconds 
  Import took 0.009346 seconds .

========================================================================
Received Import Request.
  Time since last request: 0.110196 seconds.
  path: Assets/BitGem/NPC_Character/Materials/NPC_mat.mat
  artifactKey: Guid(50c6d1e59af544b3683b4ad51ac2d08a) Importer(815301076,1909f56bfc062723c751e8b465ee728b)
Start importing Assets/BitGem/NPC_Character/Materials/NPC_mat.mat using Guid(50c6d1e59af544b3683b4ad51ac2d08a) Importer(815301076,1909f56bfc062723c751e8b465ee728b)  -> (artifact id: '48f1c7c6b6c03bebb24dd57177e36cfd') in 0.088123 seconds 
  Import took 0.090547 seconds .

========================================================================
Received Import Request.
  Time since last request: 25.433158 seconds.
  path: Assets/BitGem/NPC_Character/Prefabs/NPC_neutral.prefab
  artifactKey: Guid(5f8511b9bd25448b4a59a7c1bbc0cf98) Importer(815301076,1909f56bfc062723c751e8b465ee728b)
Start importing Assets/BitGem/NPC_Character/Prefabs/NPC_neutral.prefab using Guid(5f8511b9bd25448b4a59a7c1bbc0cf98) Importer(815301076,1909f56bfc062723c751e8b465ee728b)  -> (artifact id: '4f19b3bf741be4f49eec6bc0d7f67df8') in 0.037776 seconds 
  Import took 0.040678 seconds .

========================================================================
Received Import Request.
  Time since last request: 4.185316 seconds.
  path: Assets/BitGem/NPC_Character/Models
  artifactKey: Guid(fd1a67296667944948dcbb69961539ff) Importer(815301076,1909f56bfc062723c751e8b465ee728b)
Start importing Assets/BitGem/NPC_Character/Models using Guid(fd1a67296667944948dcbb69961539ff) Importer(815301076,1909f56bfc062723c751e8b465ee728b)  -> (artifact id: 'e104a1489116575d7685beee0d5ecd37') in 0.006314 seconds 
  Import took 0.008488 seconds .

========================================================================
Received Import Request.
  Time since last request: 0.120113 seconds.
  path: Assets/BitGem/NPC_Character/Models/head_angry_NPC.fbx
  artifactKey: Guid(cbc0a721dbc4d4b93ae20de63138fa2d) Importer(815301076,1909f56bfc062723c751e8b465ee728b)
Start importing Assets/BitGem/NPC_Character/Models/head_angry_NPC.fbx using Guid(cbc0a721dbc4d4b93ae20de63138fa2d) Importer(815301076,1909f56bfc062723c751e8b465ee728b)  -> (artifact id: '75f141e5b0bf4c9bf9d7b62bf07c6b89') in 0.108480 seconds 
  Import took 0.110968 seconds .

========================================================================
Received Import Request.
  Time since last request: 0.000229 seconds.
  path: Assets/BitGem/NPC_Character/Models/NPC_talk.fbx
  artifactKey: Guid(a2150115ad0b64bdf8ad5d5523088cd6) Importer(815301076,1909f56bfc062723c751e8b465ee728b)
Start importing Assets/BitGem/NPC_Character/Models/NPC_talk.fbx using Guid(a2150115ad0b64bdf8ad5d5523088cd6) Importer(815301076,1909f56bfc062723c751e8b465ee728b)  -> (artifact id: '6ac03ff103e1a01c258c3ec4e3f409f2') in 0.026822 seconds 
  Import took 0.029094 seconds .

========================================================================
Received Import Request.
  Time since last request: 0.000230 seconds.
  path: Assets/BitGem/NPC_Character/Models/head_neutral_NPC.fbx
  artifactKey: Guid(4ab2e80fd2db44f5c9cc6e19fe3acb36) Importer(815301076,1909f56bfc062723c751e8b465ee728b)
Start importing Assets/BitGem/NPC_Character/Models/head_neutral_NPC.fbx using Guid(4ab2e80fd2db44f5c9cc6e19fe3acb36) Importer(815301076,1909f56bfc062723c751e8b465ee728b)  -> (artifact id: 'a5ec2a1b105e8a72fc6901bfa1d77702') in 0.015323 seconds 
  Import took 0.017390 seconds .

========================================================================
Received Import Request.
  Time since last request: 0.000217 seconds.
  path: Assets/BitGem/NPC_Character/Models/NPC_cross.fbx
  artifactKey: Guid(67a9fd627082a450e9803894755f5dd4) Importer(815301076,1909f56bfc062723c751e8b465ee728b)
Start importing Assets/BitGem/NPC_Character/Models/NPC_cross.fbx using Guid(67a9fd627082a450e9803894755f5dd4) Importer(815301076,1909f56bfc062723c751e8b465ee728b)  -> (artifact id: 'abe96900f1a2d7000bcf17c42c42058e') in 0.026555 seconds 
  Import took 0.028781 seconds .

========================================================================
Received Import Request.
  Time since last request: 0.000219 seconds.
  path: Assets/BitGem/NPC_Character/Models/NPC_neutral.fbx
  artifactKey: Guid(64d9371c44fee432aa8a3e14ca0a869e) Importer(815301076,1909f56bfc062723c751e8b465ee728b)
Start importing Assets/BitGem/NPC_Character/Models/NPC_neutral.fbx using Guid(64d9371c44fee432aa8a3e14ca0a869e) Importer(815301076,1909f56bfc062723c751e8b465ee728b)  -> (artifact id: 'fd52744449366a258290fcda37841ef4') in 0.025749 seconds 
  Import took 0.028068 seconds .

========================================================================
Received Import Request.
  Time since last request: 0.000213 seconds.
  path: Assets/BitGem/NPC_Character/Models/head_cross_NPC.fbx
  artifactKey: Guid(1d20e9cdadeee4cd291b88aff5312e2d) Importer(815301076,1909f56bfc062723c751e8b465ee728b)
Start importing Assets/BitGem/NPC_Character/Models/head_cross_NPC.fbx using Guid(1d20e9cdadeee4cd291b88aff5312e2d) Importer(815301076,1909f56bfc062723c751e8b465ee728b)  -> (artifact id: '3592d2370fffe0c1b1a7c3f2f8777dd5') in 0.013344 seconds 
  Import took 0.015611 seconds .

========================================================================
Received Import Request.
  Time since last request: 0.000196 seconds.
  path: Assets/BitGem/NPC_Character/Models/NPC_angry.fbx
  artifactKey: Guid(14917865b992440a388fc2d996e8bd5e) Importer(815301076,1909f56bfc062723c751e8b465ee728b)
Start importing Assets/BitGem/NPC_Character/Models/NPC_angry.fbx using Guid(14917865b992440a388fc2d996e8bd5e) Importer(815301076,1909f56bfc062723c751e8b465ee728b)  -> (artifact id: '0320cb94d26f07c939bec175c8d46f67') in 0.023593 seconds 
  Import took 0.025797 seconds .

========================================================================
Received Import Request.
  Time since last request: 0.000203 seconds.
  path: Assets/BitGem/NPC_Character/Models/head_talk_NPC.fbx
  artifactKey: Guid(44c16521c447f4a7c823994b614e0dcc) Importer(815301076,1909f56bfc062723c751e8b465ee728b)
Start importing Assets/BitGem/NPC_Character/Models/head_talk_NPC.fbx using Guid(44c16521c447f4a7c823994b614e0dcc) Importer(815301076,1909f56bfc062723c751e8b465ee728b)  -> (artifact id: 'd9fdc134cb99c09f063bec4eb048bd93') in 0.013601 seconds 
  Import took 0.015727 seconds .

========================================================================
Received Import Request.
  Time since last request: 2.862246 seconds.
  path: Assets/BitGem/NPC_Character/Textures
  artifactKey: Guid(cf1133a7ead5a435f8f76e6d572ab548) Importer(815301076,1909f56bfc062723c751e8b465ee728b)
Start importing Assets/BitGem/NPC_Character/Textures using Guid(cf1133a7ead5a435f8f76e6d572ab548) Importer(815301076,1909f56bfc062723c751e8b465ee728b)  -> (artifact id: '39bb85deabd7d480bf706b029edc1356') in 0.006333 seconds 
  Import took 0.008677 seconds .

========================================================================
Received Import Request.
  Time since last request: 0.119210 seconds.
  path: Assets/BitGem/NPC_Character/Textures/NPC_tex.tga
  artifactKey: Guid(fff9413fd1acb46a5b723edbd3c3426d) Importer(815301076,1909f56bfc062723c751e8b465ee728b)
Start importing Assets/BitGem/NPC_Character/Textures/NPC_tex.tga using Guid(fff9413fd1acb46a5b723edbd3c3426d) Importer(815301076,1909f56bfc062723c751e8b465ee728b)  -> (artifact id: 'de1f3478d40e065a8be8d91f131d7705') in 0.039742 seconds 
  Import took 0.042159 seconds .

========================================================================
Received Import Request.
  Time since last request: 607.687138 seconds.
  path: Assets
  artifactKey: Guid(00000000000000001000000000000000) Importer(815301076,1909f56bfc062723c751e8b465ee728b)
Start importing Assets using Guid(00000000000000001000000000000000) Importer(815301076,1909f56bfc062723c751e8b465ee728b)  -> (artifact id: '42d402b061de3733987d63b9cc3b64de') in 0.007415 seconds 
  Import took 0.010129 seconds .

AssetImportWorkerClient::OnTransportError - code=2 error=End of file
